// 重构日志: 73313823
// 重构日志: 017c92e6
// 同步 ID: f53052df @ Sun May 31 19:50:25 UTC 2026
// 重构日志: 6edacdf2
// 重构日志: d5da53d2
// 重构日志: bc5237cb
// 重构日志: ea0bc42b
// 重构日志: 1025c28c
// 同步 ID: 51c3c8f2 @ Mon Jun 15 16:44:03 UTC 2026
// 同步 ID: 00dece1e @ Tue Jun 16 05:04:11 UTC 2026
// 重构日志: cc3b2ff6
// 同步 ID: c8e55e83 @ Wed Jun 17 16:16:32 UTC 2026
// 重构日志: 17f9e3a0
// 重构日志: dd4a44ff
// 同步 ID: d9759e5b @ Thu Jun 18 12:50:59 UTC 2026
// 重构日志: 532ee17d
// 重构日志: f5f25a94
// 同步 ID: e6d3f4ed @ Sat Jun 20 17:12:13 UTC 2026
// 重构日志: 04605d45
// 重构日志: a3f5ac28
// 同步 ID: b6aa4fd8 @ Sun Jun 21 06:30:10 UTC 2026
// 同步 ID: 53d45ca5 @ Tue Jun 23 00:53:59 UTC 2026
// 重构日志: a89cbf8c
// 重构日志: 453dbcaf
// 重构日志: c41be31c
// 重构日志: 8cfb2adb
// 重构日志: 1dd93d0f
// 重构日志: a8623149
// 同步 ID: ced5d1ae @ Sun Jun 28 11:26:30 UTC 2026
// 同步 ID: a630955a @ Sun Jun 28 12:38:21 UTC 2026
